c:\users\rocholl\source\repos\2025_tcb\2025_tcb\x64\release\vc120.pdb
c:\users\rocholl\source\repos\2025_tcb\2025_tcb\x64\release\workcenter.obj
c:\users\rocholl\source\repos\2025_tcb\2025_tcb\x64\release\solver_milp.obj
c:\users\rocholl\source\repos\2025_tcb\2025_tcb\x64\release\solver_ils.obj
c:\users\rocholl\source\repos\2025_tcb\2025_tcb\x64\release\solver_ga.obj
c:\users\rocholl\source\repos\2025_tcb\2025_tcb\x64\release\schedule.obj
c:\users\rocholl\source\repos\2025_tcb\2025_tcb\x64\release\product.obj
c:\users\rocholl\source\repos\2025_tcb\2025_tcb\x64\release\problem.obj
c:\users\rocholl\source\repos\2025_tcb\2025_tcb\x64\release\operation.obj
c:\users\rocholl\source\repos\2025_tcb\2025_tcb\x64\release\main.obj
c:\users\rocholl\source\repos\2025_tcb\2025_tcb\x64\release\machine.obj
c:\users\rocholl\source\repos\2025_tcb\2025_tcb\x64\release\log.obj
c:\users\rocholl\source\repos\2025_tcb\2025_tcb\x64\release\job.obj
c:\users\rocholl\source\repos\2025_tcb\2025_tcb\x64\release\gadecoder.obj
c:\users\rocholl\source\repos\2025_tcb\2025_tcb\x64\release\functions.obj
c:\users\rocholl\source\repos\2025_tcb\2025_tcb\x64\release\batch.obj
c:\users\rocholl\source\repos\2025_tcb\x64\release\2025_tcb.exe
c:\users\rocholl\source\repos\2025_tcb\x64\release\2025_tcb.pdb
c:\users\rocholl\source\repos\2025_tcb\2025_tcb\x64\release\2025_tcb.tlog\cl.command.1.tlog
c:\users\rocholl\source\repos\2025_tcb\2025_tcb\x64\release\2025_tcb.tlog\cl.read.1.tlog
c:\users\rocholl\source\repos\2025_tcb\2025_tcb\x64\release\2025_tcb.tlog\cl.write.1.tlog
c:\users\rocholl\source\repos\2025_tcb\2025_tcb\x64\release\2025_tcb.tlog\link.command.1.tlog
c:\users\rocholl\source\repos\2025_tcb\2025_tcb\x64\release\2025_tcb.tlog\link.read.1.tlog
c:\users\rocholl\source\repos\2025_tcb\2025_tcb\x64\release\2025_tcb.tlog\link.write.1.tlog
