c:\users\rocholl\source\repos\2025_tcb\2025_tcb\x64\debug\vc120.pdb
c:\users\rocholl\source\repos\2025_tcb\2025_tcb\x64\debug\vc120.idb
c:\users\rocholl\source\repos\2025_tcb\2025_tcb\x64\debug\batch.obj
c:\users\rocholl\source\repos\2025_tcb\2025_tcb\x64\debug\functions.obj
c:\users\rocholl\source\repos\2025_tcb\2025_tcb\x64\debug\job.obj
c:\users\rocholl\source\repos\2025_tcb\2025_tcb\x64\debug\log.obj
c:\users\rocholl\source\repos\2025_tcb\2025_tcb\x64\debug\machine.obj
c:\users\rocholl\source\repos\2025_tcb\2025_tcb\x64\debug\main.obj
c:\users\rocholl\source\repos\2025_tcb\2025_tcb\x64\debug\operation.obj
c:\users\rocholl\source\repos\2025_tcb\2025_tcb\x64\debug\problem.obj
c:\users\rocholl\source\repos\2025_tcb\2025_tcb\x64\debug\product.obj
c:\users\rocholl\source\repos\2025_tcb\2025_tcb\x64\debug\workcenter.obj
c:\users\rocholl\source\repos\2025_tcb\2025_tcb\x64\debug\schedule.obj
c:\users\rocholl\source\repos\2025_tcb\x64\debug\2025_tcb.ilk
c:\users\rocholl\source\repos\2025_tcb\x64\debug\2025_tcb.exe
c:\users\rocholl\source\repos\2025_tcb\x64\debug\2025_tcb.pdb
c:\users\rocholl\source\repos\2025_tcb\2025_tcb\x64\debug\2025_tcb.tlog\cl.command.1.tlog
c:\users\rocholl\source\repos\2025_tcb\2025_tcb\x64\debug\2025_tcb.tlog\cl.read.1.tlog
c:\users\rocholl\source\repos\2025_tcb\2025_tcb\x64\debug\2025_tcb.tlog\cl.write.1.tlog
c:\users\rocholl\source\repos\2025_tcb\2025_tcb\x64\debug\2025_tcb.tlog\link.command.1.tlog
c:\users\rocholl\source\repos\2025_tcb\2025_tcb\x64\debug\2025_tcb.tlog\link.read.1.tlog
c:\users\rocholl\source\repos\2025_tcb\2025_tcb\x64\debug\2025_tcb.tlog\link.write.1.tlog
